0 info it worked if it ends with ok
1 verbose cli [ 'E:\\nodejs\\node.exe',
1 verbose cli   'E:\\nodejs\\node_modules\\npm\\bin\\npm-cli.js',
1 verbose cli   'run',
1 verbose cli   'build' ]
2 info using npm@3.10.9
3 info using node@v6.9.2
4 verbose run-script [ 'prebuild', 'build', 'postbuild' ]
5 info lifecycle webpack-prerender-react@1.0.0~prebuild: webpack-prerender-react@1.0.0
6 silly lifecycle webpack-prerender-react@1.0.0~prebuild: no script for prebuild, continuing
7 info lifecycle webpack-prerender-react@1.0.0~build: webpack-prerender-react@1.0.0
8 verbose lifecycle webpack-prerender-react@1.0.0~build: unsafe-perm in lifecycle true
9 verbose lifecycle webpack-prerender-react@1.0.0~build: PATH: E:\nvm\v6.9.2\node_modules\npm\bin\node-gyp-bin;F:\my\git\webpack-react-prerender\node_modules\.bin;C:\Windows\system32;C:\Windows;C:\Windows\System32\Wbem;C:\Windows\System32\WindowsPowerShell\v1.0\;C:\Program Files\TortoiseGit\bin;C:\Program Files (x86)\Git\cmd;C:\Program Files (x86)\Git\mingw32\bin;C:\Program Files (x86)\Git\usr\bin;C:\Program Files\TortoiseSVN\bin;C:\Program Files (x86)\NVIDIA Corporation\PhysX\Common;D:\Go\bin;E:\nvm;E:\nodejs;d:\Program Files\Microsoft VS Code\bin;E:\Program Files\Yarn\bin\;E:\Program Files\Emscripten\node\0.12.2_64bit;E:\Program Files\unzip_temp;D:\Program Files\Emscripten\emscripten\1.35.0;D:\Program Files\Emscripten;D:\Program Files\Emscripten\clang\e1.35.0_64bit;D:\Program Files\Emscripten\node\0.12.2_64bit;D:\Program Files\Emscripten\python\2.7.5.3_64bit;D:\Program Files\Emscripten\java\7.45_64bit\bin;D:\Program Files\Emscripten\crunch\1.03;D:\Program Files\Emscripten\mingw\4.6.2_32bit;C:\Users\Administrator\AppData\Local\Programs\Python\Python37\Scripts\;C:\Users\Administrator\AppData\Local\Programs\Python\Python37\;C:\Users\Administrator\AppData\Roaming\npm;d:\Program Files\Microsoft VS Code\bin;D:\Fiddler;D:\Go\bin;E:\nvm;E:\nodejs;E:\Program Files\npm\node_modules;C:\Users\Administrator\AppData\Local\Yarn\bin;E:\Program Files\unzip_temp
10 verbose lifecycle webpack-prerender-react@1.0.0~build: CWD: F:\my\git\webpack-react-prerender
11 silly lifecycle webpack-prerender-react@1.0.0~build: Args: [ '/d /s /c',
11 silly lifecycle   'webpack-cli -p --config configs/build.js --progress --color --hide-modules' ]
12 silly lifecycle webpack-prerender-react@1.0.0~build: Returned: code: 1  signal: null
13 info lifecycle webpack-prerender-react@1.0.0~build: Failed to exec build script
14 verbose stack Error: webpack-prerender-react@1.0.0 build: `webpack-cli -p --config configs/build.js --progress --color --hide-modules`
14 verbose stack Exit status 1
14 verbose stack     at EventEmitter.<anonymous> (E:\nvm\v6.9.2\node_modules\npm\lib\utils\lifecycle.js:255:16)
14 verbose stack     at emitTwo (events.js:106:13)
14 verbose stack     at EventEmitter.emit (events.js:191:7)
14 verbose stack     at ChildProcess.<anonymous> (E:\nvm\v6.9.2\node_modules\npm\lib\utils\spawn.js:40:14)
14 verbose stack     at emitTwo (events.js:106:13)
14 verbose stack     at ChildProcess.emit (events.js:191:7)
14 verbose stack     at maybeClose (internal/child_process.js:877:16)
14 verbose stack     at Process.ChildProcess._handle.onexit (internal/child_process.js:226:5)
15 verbose pkgid webpack-prerender-react@1.0.0
16 verbose cwd F:\my\git\webpack-react-prerender
17 error Windows_NT 6.1.7601
18 error argv "E:\\nodejs\\node.exe" "E:\\nodejs\\node_modules\\npm\\bin\\npm-cli.js" "run" "build"
19 error node v6.9.2
20 error npm  v3.10.9
21 error code ELIFECYCLE
22 error webpack-prerender-react@1.0.0 build: `webpack-cli -p --config configs/build.js --progress --color --hide-modules`
22 error Exit status 1
23 error Failed at the webpack-prerender-react@1.0.0 build script 'webpack-cli -p --config configs/build.js --progress --color --hide-modules'.
23 error Make sure you have the latest version of node.js and npm installed.
23 error If you do, this is most likely a problem with the webpack-prerender-react package,
23 error not with npm itself.
23 error Tell the author that this fails on your system:
23 error     webpack-cli -p --config configs/build.js --progress --color --hide-modules
23 error You can get information on how to open an issue for this project with:
23 error     npm bugs webpack-prerender-react
23 error Or if that isn't available, you can get their info via:
23 error     npm owner ls webpack-prerender-react
23 error There is likely additional logging output above.
24 verbose exit [ 1, true ]
